Arguments: 
  /usr/bin/node /usr/share/yarn/bin/yarn.js add @babel/core @babel.preset-env @babel/preset-react webpack webpack-cli

PATH: 
  /home/burn/.zplugin/polaris/bin:/home/burn/.zplugin/polaris/bin:/usr/local/sbin:/usr/local/bin:/usr/sbin:/usr/bin:/sbin:/bin:/usr/games:/usr/local/games:/snap/bin

Yarn version: 
  1.19.1

Node version: 
  8.10.0

Platform: 
  linux x64

Trace: 
  Error: https://registry.yarnpkg.com/@babel.preset-env: Request "https://registry.yarnpkg.com/@babel.preset-env" returned a 405
      at Request.params.callback [as _callback] (/usr/share/yarn/lib/cli.js:66935:18)
      at Request.self.callback (/usr/share/yarn/lib/cli.js:140564:22)
      at emitTwo (events.js:126:13)
      at Request.emit (events.js:214:7)
      at Request.<anonymous> (/usr/share/yarn/lib/cli.js:141536:10)
      at emitOne (events.js:116:13)
      at Request.emit (events.js:211:7)
      at IncomingMessage.<anonymous> (/usr/share/yarn/lib/cli.js:141458:12)
      at Object.onceWrapper (events.js:313:30)
      at emitNone (events.js:111:20)

npm manifest: 
  {
    "name": "React-Modulo4",
    "version": "1.0.0",
    "main": "index.js",
    "repository": "git@github.com:burn-c/React-Modulo4.git",
    "author": "burn-c <chopcsom@gmail.com>",
    "license": "MIT"
  }

yarn manifest: 
  No manifest

Lockfile: 
  No lockfile
